info: socket.io started
Loaded handlebars helper: css
Loaded handlebars helper: url
Loaded handlebars helper: component
Added channel for: /example/0.0.1/example
Added channel for: /example/2.0.1/example
Server started
info: socket.io started
Loaded handlebars helper: css
Loaded handlebars helper: url
Loaded handlebars helper: component
Added channel for: /example/0.0.1/example
Added channel for: /example/2.0.1/example
Server started
info: socket.io started
Loaded handlebars helper: css
Loaded handlebars helper: url
Loaded handlebars helper: component
Added channel for: /example/0.0.1/example
Added channel for: /example/2.0.1/example
Server started
info: socket.io started
Loaded handlebars helper: css
Loaded handlebars helper: url
Loaded handlebars helper: component
Added channel for: /example/0.0.1/example
Added channel for: /example/2.0.1/example
Server started
info: socket.io started
Loaded handlebars helper: css
Loaded handlebars helper: url
Loaded handlebars helper: component
Added channel for: /example/0.0.1/example
Added channel for: /example/2.0.1/example
Server started
Routing:  /sprint_example_list/index  to: View Route
Routing:  /core/js/lib/ecma5-1.2.1-min.js  to: Javascript Route
Routing:  /core/js/lib/require-jquery.js  to: Javascript Route
Routing:  /core/resources/bootstrap.css  to: Resource Route
Routing:  /core/js/raintime.js  to: Javascript Route
Routing:  /core/js/client_rendering.js  to: Javascript Route
Routing:  /core/js/lib/promise.js  to: Javascript Route
Routing:  /core/js/lib/event_emitter.js  to: Javascript Route
Routing:  /core/js/context.js  to: Javascript Route
Routing:  /core/js/lib/rain_error.js  to: Javascript Route
Routing:  /core/js/messaging/sockets.js  to: Javascript Route
Routing:  /core/js/client_storage.js  to: Javascript Route
Routing:  /core/js/messaging/observer.js  to: Javascript Route
Routing:  /core/js/messaging/intents.js  to: Javascript Route
Routing:  /core/js/lib/util.js  to: Javascript Route
Routing:  /core/js/lib/socket.io.js  to: Javascript Route
Routing:  /core/js/lib/amplify.store.js  to: Javascript Route
Routing:  /core/js/lib/jquery-cookie.js  to: Javascript Route
info: handshake authorized 4906252762316508
Routing:  /sprint_example_list/1.0/css/index.css  to: CSS Route
Routing:  /sprint_example_list/1.0/css/index.css  to: CSS Route
Routing:  /sprint_example_list/1.0/js/index.js  to: Javascript Route
Routing:  /sprint_example_list/1.0/css/accordion.css  to: CSS Route
Routing:  /sprint_example_list/1.0/css/accordion.css  to: CSS Route
Routing:  /example/js/accordian.min.js  to: Javascript Route
Routing:  /sprint_example_list/1.0/resources/images/ui-bg_glass_80_d7ebf9_1x400.png  to: Resource Route
Routing:  /sprint_example_list/1.0/resources/images/ui-icons_3d80b3_256x240.png  to: Resource Route
Routing:  /sprint_example_list/1.0/resources/images/ui-icons_2694e8_256x240.png  to: Resource Route
Routing:  /sprint_example_list/1.0/resources/images/ui-bg_glass_100_e4f1fb_1x400.png  to: Resource Route
info: transport end
Routing:  /sprint_example_list/index  to: View Route
Routing:  /core/js/lib/ecma5-1.2.1-min.js  to: Javascript Route
Routing:  /core/js/lib/require-jquery.js  to: Javascript Route
Routing:  /core/resources/bootstrap.css  to: Resource Route
Routing:  /core/js/raintime.js  to: Javascript Route
Routing:  /core/js/client_rendering.js  to: Javascript Route
Routing:  /core/js/lib/rain_error.js  to: Javascript Route
Routing:  /core/js/context.js  to: Javascript Route
Routing:  /core/js/lib/event_emitter.js  to: Javascript Route
Routing:  /core/js/lib/promise.js  to: Javascript Route
Routing:  /core/js/messaging/sockets.js  to: Javascript Route
Routing:  /core/js/client_storage.js  to: Javascript Route
Routing:  /core/js/messaging/observer.js  to: Javascript Route
Routing:  /core/js/messaging/intents.js  to: Javascript Route
Routing:  /core/js/lib/util.js  to: Javascript Route
Routing:  /core/js/lib/socket.io.js  to: Javascript Route
Routing:  /core/js/lib/amplify.store.js  to: Javascript Route
Routing:  /core/js/lib/jquery-cookie.js  to: Javascript Route
info: handshake authorized 17195826071826671485
Routing:  /sprint_example_list/1.0/css/index.css  to: CSS Route
Routing:  /sprint_example_list/1.0/css/index.css  to: CSS Route
Routing:  /sprint_example_list/1.0/css/accordion.css  to: CSS Route
Routing:  /sprint_example_list/1.0/js/index.js  to: Javascript Route
Routing:  /sprint_example_list/1.0/css/accordion.css  to: CSS Route
Routing:  /example/js/accordian.min.js  to: Javascript Route
Routing:  /sprint_example_list/1.0/resources/images/ui-bg_glass_80_d7ebf9_1x400.png  to: Resource Route
Routing:  /sprint_example_list/1.0/resources/images/ui-icons_3d80b3_256x240.png  to: Resource Route
info: socket.io started
Loaded handlebars helper: css
Loaded handlebars helper: url
Loaded handlebars helper: component
Added channel for: /example/0.0.1/example
Added channel for: /example/2.0.1/example
Server started
info: handshake authorized 12723463791214670041
info: transport end
Routing:  /sprint_example_list/index  to: View Route
Routing:  /core/js/lib/ecma5-1.2.1-min.js  to: Javascript Route
Routing:  /core/resources/bootstrap.css  to: Resource Route
Routing:  /core/js/lib/require-jquery.js  to: Javascript Route
Routing:  /core/js/raintime.js  to: Javascript Route
Routing:  /core/js/client_rendering.js  to: Javascript Route
Routing:  /core/js/lib/promise.js  to: Javascript Route
Routing:  /core/js/lib/event_emitter.js  to: Javascript Route
Routing:  /core/js/context.js  to: Javascript Route
Routing:  /core/js/lib/rain_error.js  to: Javascript Route
Routing:  /core/js/messaging/sockets.js  to: Javascript Route
Routing:  /core/js/client_storage.js  to: Javascript Route
Routing:  /core/js/messaging/observer.js  to: Javascript Route
Routing:  /core/js/messaging/intents.js  to: Javascript Route
Routing:  /core/js/lib/util.js  to: Javascript Route
Routing:  /core/js/lib/socket.io.js  to: Javascript Route
Routing:  /core/js/lib/amplify.store.js  to: Javascript Route
Routing:  /core/js/lib/jquery-cookie.js  to: Javascript Route
info: handshake authorized 660869559255563544
Routing:  /sprint_example_list/1.0/css/index.css  to: CSS Route
Routing:  /sprint_example_list/1.0/css/index.css  to: CSS Route
Routing:  /sprint_example_list/1.0/js/index.js  to: Javascript Route
Routing:  /sprint_example_list/1.0/css/accordion.css  to: CSS Route
Routing:  /sprint_example_list/1.0/css/accordion.css  to: CSS Route
Routing:  /example/js/accordian.min.js  to: Javascript Route
Routing:  /sprint_example_list/1.0/resources/images/ui-icons_3d80b3_256x240.png  to: Resource Route
Routing:  /sprint_example_list/1.0/resources/images/ui-bg_glass_80_d7ebf9_1x400.png  to: Resource Route
info: socket.io started
Loaded handlebars helper: css
Loaded handlebars helper: url
Loaded handlebars helper: component
Added channel for: /example/0.0.1/example
Added channel for: /example/2.0.1/example
Server started
info: handshake authorized 311181745755411083
Routing:  /sprint_example_list/1.0/resources/images/ui-bg_glass_100_e4f1fb_1x400.png  to: Resource Route
Routing:  /sprint_example_list/1.0/resources/images/ui-icons_2694e8_256x240.png  to: Resource Route
info: transport end
Routing:  /sprint_example_list/index  to: View Route
Routing:  /core/js/lib/require-jquery.js  to: Javascript Route
Routing:  /core/js/lib/ecma5-1.2.1-min.js  to: Javascript Route
Routing:  /core/resources/bootstrap.css  to: Resource Route
Routing:  /core/js/raintime.js  to: Javascript Route
Routing:  /core/js/client_rendering.js  to: Javascript Route
Routing:  /core/js/lib/event_emitter.js  to: Javascript Route
Routing:  /core/js/lib/promise.js  to: Javascript Route
Routing:  /core/js/lib/rain_error.js  to: Javascript Route
Routing:  /core/js/context.js  to: Javascript Route
Routing:  /core/js/client_storage.js  to: Javascript Route
Routing:  /core/js/messaging/observer.js  to: Javascript Route
Routing:  /core/js/messaging/intents.js  to: Javascript Route
Routing:  /core/js/messaging/sockets.js  to: Javascript Route
Routing:  /core/js/lib/util.js  to: Javascript Route
Routing:  /core/js/lib/amplify.store.js  to: Javascript Route
Routing:  /core/js/lib/socket.io.js  to: Javascript Route
Routing:  /core/js/lib/jquery-cookie.js  to: Javascript Route
info: handshake authorized 18915295102131145310
Routing:  /sprint_example_list/1.0/css/index.css  to: CSS Route
Routing:  /sprint_example_list/1.0/css/index.css  to: CSS Route
Routing:  /sprint_example_list/1.0/js/index.js  to: Javascript Route
Routing:  /sprint_example_list/1.0/css/accordion.css  to: CSS Route
Routing:  /sprint_example_list/1.0/css/accordion.css  to: CSS Route
Routing:  /example/js/accordian.min.js  to: Javascript Route
Routing:  /sprint_example_list/1.0/resources/images/ui-icons_3d80b3_256x240.png  to: Resource Route
Routing:  /sprint_example_list/1.0/resources/images/ui-bg_glass_80_d7ebf9_1x400.png  to: Resource Route
info: transport end
Routing:  /sprint_example_list/index  to: View Route
Routing:  /core/js/lib/ecma5-1.2.1-min.js  to: Javascript Route
Routing:  /core/js/lib/require-jquery.js  to: Javascript Route
Routing:  /core/resources/bootstrap.css  to: Resource Route
Routing:  /core/js/raintime.js  to: Javascript Route
Routing:  /core/js/client_rendering.js  to: Javascript Route
Routing:  /core/js/lib/promise.js  to: Javascript Route
Routing:  /core/js/lib/event_emitter.js  to: Javascript Route
Routing:  /core/js/context.js  to: Javascript Route
Routing:  /core/js/lib/rain_error.js  to: Javascript Route
Routing:  /core/js/lib/util.js  to: Javascript Route
Routing:  /core/js/messaging/sockets.js  to: Javascript Route
Routing:  /core/js/messaging/intents.js  to: Javascript Route
Routing:  /core/js/messaging/observer.js  to: Javascript Route
Routing:  /core/js/client_storage.js  to: Javascript Route
Routing:  /core/js/lib/socket.io.js  to: Javascript Route
Routing:  /core/js/lib/jquery-cookie.js  to: Javascript Route
Routing:  /core/js/lib/amplify.store.js  to: Javascript Route
info: handshake authorized 1597436958605860526
Routing:  /sprint_example_list/1.0/css/index.css  to: CSS Route
Routing:  /sprint_example_list/1.0/css/index.css  to: CSS Route
Routing:  /sprint_example_list/1.0/css/accordion.css  to: CSS Route
Routing:  /sprint_example_list/1.0/js/index.js  to: Javascript Route
Routing:  /sprint_example_list/1.0/css/accordion.css  to: CSS Route
Routing:  /example/js/accordian.min.js  to: Javascript Route
Routing:  /sprint_example_list/1.0/resources/images/ui-bg_glass_80_d7ebf9_1x400.png  to: Resource Route
Routing:  /sprint_example_list/1.0/resources/images/ui-icons_3d80b3_256x240.png  to: Resource Route
info: socket.io started
Loaded handlebars helper: css
Loaded handlebars helper: url
Loaded handlebars helper: component
Added channel for: /example/0.0.1/example
Added channel for: /example/2.0.1/example
Server started
info: socket.io started
Loaded handlebars helper: css
Loaded handlebars helper: url
Loaded handlebars helper: component
Added channel for: /example/0.0.1/example
Added channel for: /example/2.0.1/example
Server started
Routing:  /sprint_example_list/index  to: View Route
Routing:  /core/js/lib/ecma5-1.2.1-min.js  to: Javascript Route
Routing:  /core/resources/bootstrap.css  to: Resource Route
Routing:  /core/js/lib/require-jquery.js  to: Javascript Route
Routing:  /core/js/raintime.js  to: Javascript Route
Routing:  /core/js/client_rendering.js  to: Javascript Route
Routing:  /core/js/lib/event_emitter.js  to: Javascript Route
Routing:  /core/js/lib/promise.js  to: Javascript Route
Routing:  /core/js/lib/rain_error.js  to: Javascript Route
Routing:  /core/js/context.js  to: Javascript Route
Routing:  /core/js/client_storage.js  to: Javascript Route
Routing:  /core/js/messaging/observer.js  to: Javascript Route
Routing:  /core/js/messaging/intents.js  to: Javascript Route
Routing:  /core/js/messaging/sockets.js  to: Javascript Route
Routing:  /core/js/lib/util.js  to: Javascript Route
Routing:  /core/js/lib/amplify.store.js  to: Javascript Route
Routing:  /core/js/lib/socket.io.js  to: Javascript Route
Routing:  /core/js/lib/jquery-cookie.js  to: Javascript Route
info: handshake authorized 7650493931223660642
Routing:  /sprint_example_list/1.0/css/index.css  to: CSS Route
Routing:  /sprint_example_list/1.0/css/index.css  to: CSS Route
Routing:  /sprint_example_list/1.0/css/accordion.css  to: CSS Route
Routing:  /sprint_example_list/1.0/js/index.js  to: Javascript Route
Routing:  /sprint_example_list/1.0/css/accordion.css  to: CSS Route
Routing:  /example/js/accordian.min.js  to: Javascript Route
Routing:  /sprint_example_list/1.0/resources/images/ui-bg_glass_80_d7ebf9_1x400.png  to: Resource Route
Routing:  /sprint_example_list/1.0/resources/images/ui-icons_3d80b3_256x240.png  to: Resource Route
Routing:  /sprint_example_list/1.0/resources/images/ui-bg_glass_100_e4f1fb_1x400.png  to: Resource Route
Routing:  /sprint_example_list/1.0/resources/images/ui-icons_2694e8_256x240.png  to: Resource Route
info: transport end
Routing:  /sprint_example_list/index  to: View Route
Routing:  /core/js/lib/require-jquery.js  to: Javascript Route
Routing:  /core/js/lib/ecma5-1.2.1-min.js  to: Javascript Route
Routing:  /core/resources/bootstrap.css  to: Resource Route
Routing:  /core/js/raintime.js  to: Javascript Route
Routing:  /core/js/client_rendering.js  to: Javascript Route
Routing:  /core/js/lib/promise.js  to: Javascript Route
Routing:  /core/js/lib/event_emitter.js  to: Javascript Route
Routing:  /core/js/context.js  to: Javascript Route
Routing:  /core/js/lib/rain_error.js  to: Javascript Route
Routing:  /core/js/messaging/sockets.js  to: Javascript Route
Routing:  /core/js/lib/util.js  to: Javascript Route
Routing:  /core/js/client_storage.js  to: Javascript Route
Routing:  /core/js/messaging/observer.js  to: Javascript Route
Routing:  /core/js/messaging/intents.js  to: Javascript Route
Routing:  /core/js/lib/socket.io.js  to: Javascript Route
Routing:  /core/js/lib/jquery-cookie.js  to: Javascript Route
Routing:  /core/js/lib/amplify.store.js  to: Javascript Route
info: handshake authorized 1391508674827435545
Routing:  /sprint_example_list/1.0/js/index.js  to: Javascript Route
Routing:  /sprint_example_list/1.0/css/accordion.css  to: CSS Route
Routing:  /sprint_example_list/1.0/css/accordion.css  to: CSS Route
Routing:  /sprint_example_list/1.0/css/index.css  to: CSS Route
Routing:  /sprint_example_list/1.0/css/index.css  to: CSS Route
Routing:  /example/js/accordian.min.js  to: Javascript Route
Routing:  /sprint_example_list/1.0/resources/images/ui-bg_glass_80_d7ebf9_1x400.png  to: Resource Route
Routing:  /sprint_example_list/1.0/resources/images/ui-icons_3d80b3_256x240.png  to: Resource Route
Routing:  /sprint_example_list/1.0/resources/images/ui-bg_glass_100_e4f1fb_1x400.png  to: Resource Route
Routing:  /sprint_example_list/1.0/resources/images/ui-icons_2694e8_256x240.png  to: Resource Route
info: socket.io started
Loaded handlebars helper: css
Loaded handlebars helper: url
Loaded handlebars helper: component
Added channel for: /example/0.0.1/example
Added channel for: /example/2.0.1/example
Server started
info: handshake authorized 166227848524751050
info: socket.io started
Loaded handlebars helper: css
Loaded handlebars helper: url
Loaded handlebars helper: component
Added channel for: /example/0.0.1/example
Added channel for: /example/2.0.1/example
Server started
info: handshake authorized 2100288748287252253
info: socket.io started
Loaded handlebars helper: css
Loaded handlebars helper: url
Loaded handlebars helper: component
Added channel for: /example/0.0.1/example
Added channel for: /example/2.0.1/example
Server started
info: socket.io started
Loaded handlebars helper: css
Loaded handlebars helper: url
Loaded handlebars helper: component
Added channel for: /example/0.0.1/example
Added channel for: /example/2.0.1/example
Server started
info: socket.io started
Loaded handlebars helper: css
Loaded handlebars helper: url
Loaded handlebars helper: component
Added channel for: /example/0.0.1/example
Added channel for: /example/2.0.1/example
Server started
Routing:  /sprint_example_list/index  to: View Route
Routing:  /core/js/lib/ecma5-1.2.1-min.js  to: Javascript Route
Routing:  /core/js/lib/require-jquery.js  to: Javascript Route
Routing:  /core/resources/bootstrap.css  to: Resource Route
Routing:  /core/js/raintime.js  to: Javascript Route
Routing:  /core/js/client_rendering.js  to: Javascript Route
Routing:  /core/js/lib/promise.js  to: Javascript Route
Routing:  /core/js/lib/rain_error.js  to: Javascript Route
Routing:  /core/js/context.js  to: Javascript Route
Routing:  /core/js/lib/event_emitter.js  to: Javascript Route
Routing:  /core/js/messaging/sockets.js  to: Javascript Route
Routing:  /core/js/lib/util.js  to: Javascript Route
Routing:  /core/js/client_storage.js  to: Javascript Route
Routing:  /core/js/messaging/observer.js  to: Javascript Route
Routing:  /core/js/messaging/intents.js  to: Javascript Route
Routing:  /core/js/lib/socket.io.js  to: Javascript Route
Routing:  /core/js/lib/amplify.store.js  to: Javascript Route
Routing:  /core/js/lib/jquery-cookie.js  to: Javascript Route
info: handshake authorized 4572235352104938656
Routing:  /sprint_example_list/1.0/css/accordion.css  to: CSS Route
Routing:  /sprint_example_list/1.0/css/index.css  to: CSS Route
Routing:  /sprint_example_list/1.0/css/index.css  to: CSS Route
Routing:  /sprint_example_list/1.0/js/index.js  to: Javascript Route
Routing:  /sprint_example_list/1.0/css/accordion.css  to: CSS Route
Routing:  /example/js/accordian.min.js  to: Javascript Route
Routing:  /sprint_example_list/1.0/resources/images/ui-bg_glass_80_d7ebf9_1x400.png  to: Resource Route
Routing:  /sprint_example_list/1.0/resources/images/ui-icons_3d80b3_256x240.png  to: Resource Route
Routing:  /sprint_example_list/1.0/resources/images/ui-bg_glass_100_e4f1fb_1x400.png  to: Resource Route
Routing:  /sprint_example_list/1.0/resources/images/ui-icons_2694e8_256x240.png  to: Resource Route
